
========================================
Date: 2026-01-16 15:39:45
To: adebisicovenant01@gmail.com
Subject: Reset Your Password - GrowthEngineAI
From: GrowthEngineAI <info@growthengineai.org>
----------------------------------------

        
        
        
            
            
        
        
            
                
                    
                        
                            
                            
                                
                                    GrowthEngineAI
                                
                            
                            
                            
                                
                    Password Reset Request
                    You have requested to reset your password. Click the button below to proceed:
                    
                        Reset Password
                    
                    Or copy and paste this link into your browser:
                    
                        http://localhost/growthengine1/auth/reset-password.php?token=83dbf440a8ccdec17974af12d9f744013fa21eb506190cc99d5498ba2f9fc1b2
                    
                    This link will expire in 1 hour.
                    If you did not request a password reset, please ignore this email and your password will remain unchanged.
                                    
                                        &copy; 2026 GrowthEngineAI. All rights reserved.
                                        http://localhost/growthengine1
                                    
                                
                            
                        
                    
                
            
        
        
========================================

========================================
Date: 2026-01-16 15:52:11
To: info@growthengineai.org
Subject: New Contact Form Submission: ssss
From: GrowthEngineAI <info@growthengineai.org>
----------------------------------------

    
    
    
        
        
    
    
        
            
                
                    
                        
                        
                            
                                New Contact Form Submission
                            
                        
                        
                        
                            
                                Message Details
                                
                                
                                    
                                        From:
                                        Fashion Home
                                    
                                    
                                        Email:
                                        
                                            adebisicovenant01@gmail.com
                                        
                                    
                                    
                                        Subject:
                                        ssss
                                    
                                    
                                        Date:
                                        January 16, 2026 at 3:52 PM
                                    
                                
                                
                                Message:
                                
                                    ssssssssssssssss
                                
                                
                                
                                    Reply to Fashion Home
                                
                                
                                
                                    Technical Info:
                                    IP Address: ::1
                                    User Agent: Mozilla/5.0 (Windows NT 10.0; Win64; x64) AppleWebKit/537.36 (KHTML, like Gecko) Chrome/143.0.0.0 Sa
                                
                            
                        
                    
                
            
        
    
    
========================================

========================================
Date: 2026-01-16 15:52:12
To: adebisicovenant01@gmail.com
Subject: Thank you for contacting GrowthEngineAI
From: GrowthEngineAI <info@growthengineai.org>
----------------------------------------

    
    
    
        
        
    
    
        
            
                
                    
                        
                        
                            
                                GrowthEngineAI
                            
                        
                        
                        
                            
                                Thank you for contacting us!
                                
                                
                                    Hi Fashion Home,
                                
                                
                                
                                    Thank you for reaching out to GrowthEngineAI! We've received your message and our team will get back to you within 24 hours.
                                
                                
                                
                                    In the meantime, feel free to explore our courses and join our community:
                                
                                
                                
                                    Explore Courses
                                
                                
                                
                                    Best regards,
                                    The GrowthEngineAI Team
                                
                                
                                
                                    &copy; 2026 GrowthEngineAI. All rights reserved.
                                    http://localhost/growthengine1
                                
                            
                        
                    
                
            
        
    
    
========================================

========================================
Date: 2026-01-16 15:55:41
To: info@growthengineai.org
Subject: New Contact Form Submission: ssssssssssssssss
From: GrowthEngineAI <info@growthengineai.org>
----------------------------------------

    
    
    
        
        
    
    
        
            
                
                    
                        
                        
                            
                                New Contact Form Submission
                            
                        
                        
                        
                            
                                Message Details
                                
                                
                                    
                                        From:
                                        Adebisi Covenant
                                    
                                    
                                        Email:
                                        
                                            adebisicovenant01@gmail.com
                                        
                                    
                                    
                                        Subject:
                                        ssssssssssssssss
                                    
                                    
                                        Date:
                                        January 16, 2026 at 3:55 PM
                                    
                                
                                
                                Message:
                                
                                    ssssssssssssssssssssssss
                                
                                
                                
                                    Reply to Adebisi Covenant
                                
                                
                                
                                    Technical Info:
                                    IP Address: ::1
                                    User Agent: Mozilla/5.0 (Windows NT 10.0; Win64; x64) AppleWebKit/537.36 (KHTML, like Gecko) Chrome/143.0.0.0 Sa
                                
                            
                        
                    
                
            
        
    
    
========================================

========================================
Date: 2026-01-16 15:55:41
To: adebisicovenant01@gmail.com
Subject: Thank you for contacting GrowthEngineAI
From: GrowthEngineAI <info@growthengineai.org>
----------------------------------------

    
    
    
        
        
    
    
        
            
                
                    
                        
                        
                            
                                GrowthEngineAI
                            
                        
                        
                        
                            
                                Thank you for contacting us!
                                
                                
                                    Hi Adebisi Covenant,
                                
                                
                                
                                    Thank you for reaching out to GrowthEngineAI! We've received your message and our team will get back to you within 24 hours.
                                
                                
                                
                                    In the meantime, feel free to explore our courses and join our community:
                                
                                
                                
                                    Explore Courses
                                
                                
                                
                                    Best regards,
                                    The GrowthEngineAI Team
                                
                                
                                
                                    &copy; 2026 GrowthEngineAI. All rights reserved.
                                    http://localhost/growthengine1
                                
                            
                        
                    
                
            
        
    
    
========================================

========================================
Date: 2026-01-16 15:58:02
To: adebisicovenant01@gmail.com
Subject: Reset Your Password - GrowthEngineAI
From: GrowthEngineAI <info@growthengineai.org>
----------------------------------------

        
        
        
            
            
        
        
            
                
                    
                        
                            
                            
                                
                                    GrowthEngineAI
                                
                            
                            
                            
                                
                    Password Reset Request
                    You have requested to reset your password. Click the button below to proceed:
                    
                        Reset Password
                    
                    Or copy and paste this link into your browser:
                    
                        http://localhost/growthengine1/auth/reset-password.php?token=2fc3e7ef64e889dd0b12d38f58d3cf6d37c197f194c73695d8684d0ee1d0f5c4
                    
                    This link will expire in 1 hour.
                    If you did not request a password reset, please ignore this email and your password will remain unchanged.
                                    
                                        &copy; 2026 GrowthEngineAI. All rights reserved.
                                        http://localhost/growthengine1
                                    
                                
                            
                        
                    
                
            
        
        
========================================
